#
# There is insufficient memory for the Java Runtime Environment to continue.
# Native memory allocation (mmap) failed to map 264241152 bytes. Error detail: G1 virtual space
# Possible reasons:
#   The system is out of physical RAM or swap space
#   This process is running with CompressedOops enabled, and the Java Heap may be blocking the growth of the native heap
# Possible solutions:
#   Reduce memory load on the system
#   Increase physical memory or swap space
#   Check if swap backing store is full
#   Decrease Java heap size (-Xmx/-Xms)
#   Decrease number of Java threads
#   Decrease Java thread stack sizes (-Xss)
#   Set larger code cache with -XX:ReservedCodeCacheSize=
#   JVM is running with Zero Based Compressed Oops mode in which the Java heap is
#     placed in the first 32GB address space. The Java Heap base address is the
#     maximum limit for the native heap growth. Please use -XX:HeapBaseMinAddress
#     to set the Java Heap base and to place the Java Heap above 32GB virtual address.
# This output file may be truncated or incomplete.
#
#  Out of Memory Error (os_windows.cpp:3828), pid=24796, tid=7408
#
# JRE version:  (21.0.4+13) (build )
# Java VM: OpenJDK 64-Bit Server VM (21.0.4+13-b509.26, mixed mode, sharing, tiered, compressed oops, compressed class ptrs, g1 gc, windows-amd64)
# No core dump will be written. Minidumps are not enabled by default on client versions of Windows
#

---------------  S U M M A R Y ------------

Command Line: git4idea.http.GitAskPassApp Username for 'https://github.com': 

Host: 11th Gen Intel(R) Core(TM) i5-1135G7 @ 2.40GHz, 8 cores, 15G,  Windows 11 , 64 bit Build 26100 (10.0.26100.2161)
Time: Wed Feb  5 10:32:37 2025 Central Standard Time elapsed time: 0.027893 seconds (0d 0h 0m 0s)

---------------  T H R E A D  ---------------

Current thread (0x0000028faf8f6ad0):  JavaThread "Unknown thread" [_thread_in_vm, id=7408, stack(0x000000d5d2100000,0x000000d5d2200000) (1024K)]

Stack: [0x000000d5d2100000,0x000000d5d2200000]
Native frames: (J=compiled Java code, j=interpreted, Vv=VM code, C=native code)
V  [jvm.dll+0x6e3739]
V  [jvm.dll+0x8c0c33]
V  [jvm.dll+0x8c318e]
V  [jvm.dll+0x8c3873]
V  [jvm.dll+0x288256]
V  [jvm.dll+0x6dfec5]
V  [jvm.dll+0x6d439a]
V  [jvm.dll+0x36211b]
V  [jvm.dll+0x369cc6]
V  [jvm.dll+0x3bbdf6]
V  [jvm.dll+0x3bc0c8]
V  [jvm.dll+0x3348dc]
V  [jvm.dll+0x3355cb]
V  [jvm.dll+0x888099]
V  [jvm.dll+0x3c8f28]
V  [jvm.dll+0x871238]
V  [jvm.dll+0x45d8de]
V  [jvm.dll+0x45f5c1]
C  [jli.dll+0x52ab]
C  [ucrtbase.dll+0x14ea0]
C  [KERNEL32.DLL+0x2dbe7]
C  [ntdll.dll+0xdfbec]


---------------  P R O C E S S  ---------------

Threads class SMR info:
_java_thread_list=0x00007ffae3f02108, length=0, elements={
}

Java Threads: ( => current thread )
Total: 0

Other Threads:
  0x0000028fb1d737e0 WorkerThread "GC Thread#0"                     [id=27908, stack(0x000000d5d2200000,0x000000d5d2300000) (1024K)]
  0x0000028fb1d85150 ConcurrentGCThread "G1 Main Marker"            [id=31244, stack(0x000000d5d2300000,0x000000d5d2400000) (1024K)]
  0x0000028fb1d85c50 WorkerThread "G1 Conc#0"                       [id=28848, stack(0x000000d5d2400000,0x000000d5d2500000) (1024K)]

[error occurred during error reporting (printing all threads), id 0xc0000005, EXCEPTION_ACCESS_VIOLATION (0xc0000005) at pc=0x00007ffae35f7997]
VM state: not at safepoint (not fully initialized)

VM Mutex/Monitor currently owned by a thread:  ([mutex/lock_event])
[0x00007ffae3f76a48] Heap_lock - owner thread: 0x0000028faf8f6ad0

Heap address: 0x0000000704e00000, size: 4018 MB, Compressed Oops mode: Zero based, Oop shift amount: 3

CDS archive(s) mapped at: [0x0000000000000000-0x0000000000000000-0x0000000000000000), size 0, SharedBaseAddress: 0x0000000800000000, ArchiveRelocationMode: 1.
Narrow klass base: 0x0000000000000000, Narrow klass shift: 0, Narrow klass range: 0x0

GC Precious Log:
 CardTable entry size: 512
 Card Set container configuration: InlinePtr #cards 4 size 8 Array Of Cards #cards 16 size 48 Howl #buckets 8 coarsen threshold 3686 Howl Bitmap #cards 512 size 80 coarsen threshold 460 Card regions per heap region 1 cards per card region 4096

Heap:
 garbage-first heap   total 0K, used 0K [0x0000000704e00000, 0x0000000800000000)
  region size 2048K, 0 young (0K), 0 survivors (0K)
 Metaspace       used 0K, committed 0K, reserved 0K
  class space    used 0K, committed 0K, reserved 0K

Heap Regions: E=young(eden), S=young(survivor), O=old, HS=humongous(starts), HC=humongous(continues), CS=collection set, F=free, TAMS=top-at-mark-start, PB=parsable bottom

Card table byte_map: [0x0000028fc5730000,0x0000028fc5f10000] _byte_map_base: 0x0000028fc1f09000

Marking Bits: (CMBitMap*) 0x0000028fb1d73ee0
 Bits: [0x0000028fc5f10000, 0x0000028fc9dd8000)

GC Heap History (0 events):
No events

Dll operation events (1 events):
Event: 0.022 Loaded shared library C:\Users\daniel.szelogowsk\AppData\Local\Programs\PyCharm Professional\jbr\bin\java.dll

Deoptimization events (0 events):
No events

Classes loaded (0 events):
No events

Classes unloaded (0 events):
No events

Classes redefined (0 events):
No events

Internal exceptions (0 events):
No events

ZGC Phase Switch (0 events):
No events

VM Operations (0 events):
No events

Memory protections (0 events):
No events

Nmethod flushes (0 events):
No events

Events (0 events):
No events


Dynamic libraries:
0x00007ff6d2280000 - 0x00007ff6d228a000 	C:\Users\daniel.szelogowsk\AppData\Local\Programs\PyCharm Professional\jbr\bin\java.exe
0x00007ffb4dfa0000 - 0x00007ffb4e203000 	C:\WINDOWS\SYSTEM32\ntdll.dll
0x00007ffb4d500000 - 0x00007ffb4d5c8000 	C:\WINDOWS\System32\KERNEL32.DLL
0x00007ffb4b4c0000 - 0x00007ffb4b871000 	C:\WINDOWS\System32\KERNELBASE.dll
0x00007ffb4bb60000 - 0x00007ffb4bcab000 	C:\WINDOWS\System32\ucrtbase.dll
0x00007ffb459e0000 - 0x00007ffb459fb000 	C:\Users\daniel.szelogowsk\AppData\Local\Programs\PyCharm Professional\jbr\bin\VCRUNTIME140.dll
0x00007ffaecf90000 - 0x00007ffaecfa8000 	C:\Users\daniel.szelogowsk\AppData\Local\Programs\PyCharm Professional\jbr\bin\jli.dll
0x00007ffb4ca60000 - 0x00007ffb4cc28000 	C:\WINDOWS\System32\USER32.dll
0x00007ffb4bde0000 - 0x00007ffb4be07000 	C:\WINDOWS\System32\win32u.dll
0x00007ffb29260000 - 0x00007ffb294f0000 	C:\WINDOWS\WinSxS\amd64_microsoft.windows.common-controls_6595b64144ccf1df_6.0.26100.2161_none_3e0cadb0e33078e1\COMCTL32.dll
0x00007ffb4d5d0000 - 0x00007ffb4d5fa000 	C:\WINDOWS\System32\GDI32.dll
0x00007ffb4c020000 - 0x00007ffb4c0c9000 	C:\WINDOWS\System32\msvcrt.dll
0x00007ffb4bcb0000 - 0x00007ffb4bdd5000 	C:\WINDOWS\System32\gdi32full.dll
0x00007ffb4b390000 - 0x00007ffb4b433000 	C:\WINDOWS\System32\msvcp_win.dll
0x00007ffb4df20000 - 0x00007ffb4df4f000 	C:\WINDOWS\System32\IMM32.DLL
0x00007ffb47c80000 - 0x00007ffb47c8c000 	C:\Users\daniel.szelogowsk\AppData\Local\Programs\PyCharm Professional\jbr\bin\vcruntime140_1.dll
0x00007ffa749b0000 - 0x00007ffa74a3d000 	C:\Users\daniel.szelogowsk\AppData\Local\Programs\PyCharm Professional\jbr\bin\msvcp140.dll
0x00007ffae32b0000 - 0x00007ffae4067000 	C:\Users\daniel.szelogowsk\AppData\Local\Programs\PyCharm Professional\jbr\bin\server\jvm.dll
0x00007ffb4de60000 - 0x00007ffb4df14000 	C:\WINDOWS\System32\ADVAPI32.dll
0x00007ffb4bf70000 - 0x00007ffb4c016000 	C:\WINDOWS\System32\sechost.dll
0x00007ffb4db80000 - 0x00007ffb4dc96000 	C:\WINDOWS\System32\RPCRT4.dll
0x00007ffb4dde0000 - 0x00007ffb4de54000 	C:\WINDOWS\System32\WS2_32.dll
0x00007ffb4b220000 - 0x00007ffb4b26e000 	C:\WINDOWS\SYSTEM32\POWRPROF.dll
0x00007ffb37160000 - 0x00007ffb3716b000 	C:\WINDOWS\SYSTEM32\VERSION.dll
0x00007ffb42970000 - 0x00007ffb429a6000 	C:\WINDOWS\SYSTEM32\WINMM.dll
0x00007ffb4b200000 - 0x00007ffb4b214000 	C:\WINDOWS\SYSTEM32\UMPDC.dll
0x00007ffb4a070000 - 0x00007ffb4a08a000 	C:\WINDOWS\SYSTEM32\kernel.appcore.dll
0x00007ffb47c40000 - 0x00007ffb47c4a000 	C:\Users\daniel.szelogowsk\AppData\Local\Programs\PyCharm Professional\jbr\bin\jimage.dll
0x00007ffb48580000 - 0x00007ffb487c1000 	C:\WINDOWS\SYSTEM32\DBGHELP.DLL
0x00007ffb4d080000 - 0x00007ffb4d3fd000 	C:\WINDOWS\System32\combase.dll
0x00007ffb4d420000 - 0x00007ffb4d4f6000 	C:\WINDOWS\System32\OLEAUT32.dll
0x00007ffaf33b0000 - 0x00007ffaf33e9000 	C:\WINDOWS\SYSTEM32\dbgcore.DLL
0x00007ffb4b880000 - 0x00007ffb4b919000 	C:\WINDOWS\System32\bcryptPrimitives.dll
0x00007ffb455e0000 - 0x00007ffb455ff000 	C:\Users\daniel.szelogowsk\AppData\Local\Programs\PyCharm Professional\jbr\bin\java.dll

dbghelp: loaded successfully - version: 4.0.5 - missing functions: none
symbol engine: initialized successfully - sym options: 0x614 - pdb path: .;C:\Users\daniel.szelogowsk\AppData\Local\Programs\PyCharm Professional\jbr\bin;C:\WINDOWS\SYSTEM32;C:\WINDOWS\WinSxS\amd64_microsoft.windows.common-controls_6595b64144ccf1df_6.0.26100.2161_none_3e0cadb0e33078e1;C:\Users\daniel.szelogowsk\AppData\Local\Programs\PyCharm Professional\jbr\bin\server

VM Arguments:
java_command: git4idea.http.GitAskPassApp Username for 'https://github.com': 
java_class_path (initial): C:/Users/daniel.szelogowsk/AppData/Local/Programs/PyCharm Professional/plugins/vcs-git/lib/git4idea-rt.jar;C:/Users/daniel.szelogowsk/AppData/Local/Programs/PyCharm Professional/lib/externalProcess-rt.jar
Launcher Type: SUN_STANDARD

[Global flags]
     intx CICompilerCount                          = 4                                         {product} {ergonomic}
     uint ConcGCThreads                            = 2                                         {product} {ergonomic}
     uint G1ConcRefinementThreads                  = 8                                         {product} {ergonomic}
   size_t G1HeapRegionSize                         = 2097152                                   {product} {ergonomic}
    uintx GCDrainStackTargetSize                   = 64                                        {product} {ergonomic}
   size_t InitialHeapSize                          = 264241152                                 {product} {ergonomic}
   size_t MarkStackSize                            = 4194304                                   {product} {ergonomic}
   size_t MaxHeapSize                              = 4213178368                                {product} {ergonomic}
   size_t MinHeapDeltaBytes                        = 2097152                                   {product} {ergonomic}
   size_t MinHeapSize                              = 8388608                                   {product} {ergonomic}
    uintx NonNMethodCodeHeapSize                   = 5839372                                {pd product} {ergonomic}
    uintx NonProfiledCodeHeapSize                  = 122909434                              {pd product} {ergonomic}
    uintx ProfiledCodeHeapSize                     = 122909434                              {pd product} {ergonomic}
    uintx ReservedCodeCacheSize                    = 251658240                              {pd product} {ergonomic}
     bool SegmentedCodeCache                       = true                                      {product} {ergonomic}
   size_t SoftMaxHeapSize                          = 4213178368                             {manageable} {ergonomic}
     bool UseCompressedOops                        = true                           {product lp64_product} {ergonomic}
     bool UseG1GC                                  = true                                      {product} {ergonomic}
     bool UseLargePagesIndividualAllocation        = false                                  {pd product} {ergonomic}

Logging:
Log output configuration:
 #0: stdout all=warning uptime,level,tags foldmultilines=false
 #1: stderr all=off uptime,level,tags foldmultilines=false

Environment Variables:
PATH=C:\Users\daniel.szelogowsk\AppData\Local\Programs\Git\mingw64\libexec\git-core;C:\Users\daniel.szelogowsk\AppData\Local\Programs\Git\mingw64\libexec\git-core;C:\Users\daniel.szelogowsk\AppData\Local\Programs\Git\mingw64\bin;C:\Users\daniel.szelogowsk\AppData\Local\Programs\Git\usr\bin;C:\Users\daniel.szelogowsk\bin;C:\WINDOWS\system32;C:\WINDOWS;C:\WINDOWS\System32\Wbem;C:\WINDOWS\System32\WindowsPowerShell\v1.0;C:\WINDOWS\System32\OpenSSH;C:\Program Files (x86)\Sennheiser\SenncomSDK;C:\Program Files\Microsoft SQL Server\110\Tools\Binn;C:\Program Files\Microsoft SQL Server\120\Tools\Binn;C:\Program Files\Microsoft SQL Server\150\Tools\Binn;C:\Program Files\Microsoft SQL Server\Client SDK\ODBC\170\Tools\Binn;C:\Program Files\dotnet;C:\Ruby31-x64\bin;C:\Users\daniel.szelogowsk\.cargo\bin;C:\Users\daniel.szelogowsk\AppData\Local\Programs\Python\Python311\Scripts;C:\Users\daniel.szelogowsk\AppData\Local\Programs\Python\Python311;C:\Users\daniel.szelogowsk\AppData\Local\Programs\Python\Launcher;C:\Users\daniel.szelogowsk\AppData\Local\Microsoft\WindowsApps;C:\Users\daniel.szelogowsk\AppData\Local\Programs\Microsoft VS Code\bin;C:\Users\daniel.szelogowsk\AppData\Local\GitHubDesktop\bin;C:\Users\daniel.szelogowsk\AppData\Local\JetBrains\Toolbox\scripts;C:\Users\daniel.szelogowsk\AppData\Local\Node;C:\Users\daniel.szelogowsk\AppData\Local\Programs\MiKTeX\miktex\bin\x64;C:\Users\daniel.szelogowsk\AppData\Local\pandoc-2.19.2;C:\Users\daniel.szelogowsk\.golang\bin;C:\Users\daniel.szelogowsk\AppData\Local\Microsoft\WindowsApps;C:\Users\daniel.szelogowsk\AppData\Local\Programs\Microsoft VS Code Insiders\bin;C:\Users\daniel.szelogowsk\.jdks\openjdk-18.0.2.1\bin;C:\nim-2.0.2\bin;C:\Users\daniel.szelogowsk\AppData\Local\Programs\Julia-1.10.0\bin;C:\ProgramData\chocoportable\bin;C:\ProgramData\mingw64\mingw64\bin;C:\Users\daniel.szelogowsk\.dotnet\tools;C:\Users\daniel.szelogowsk\AppData\Local\Programs\Git\cmd;C:\Users\daniel.szelogowsk\AppData\Local\Programs\GnuPG\bin
USERNAME=daniel.szelogowsk
DISPLAY=:0.0
LC_ALL=en_US.UTF-8
TERM=xterm-256color
TMPDIR=C:\Users\DANIEL~1.SZE\AppData\Local\Temp
OS=Windows_NT
PROCESSOR_IDENTIFIER=Intel64 Family 6 Model 140 Stepping 1, GenuineIntel
TMP=C:\Users\DANIEL~1.SZE\AppData\Local\Temp
TEMP=C:\Users\DANIEL~1.SZE\AppData\Local\Temp




Periodic native trim disabled

JNI global refs:
JNI global refs: 0, weak refs: 0

JNI global refs memory usage: 0, weak refs: 0

Process memory usage:
Resident Set Size: 12884K (0% of 16449800K total physical memory with 1476440K free physical memory)

OOME stack traces (most recent first):
Classloader memory used:

---------------  S Y S T E M  ---------------

OS:
 Windows 11 , 64 bit Build 26100 (10.0.26100.2161)
OS uptime: 14 days 2:15 hours
Hyper-V role detected

CPU: total 8 (initial active 8) (4 cores per cpu, 2 threads per core) family 6 model 140 stepping 1 microcode 0xb8, cx8, cmov, fxsr, ht, mmx, 3dnowpref, sse, sse2, sse3, ssse3, sse4.1, sse4.2, popcnt, lzcnt, tsc, tscinvbit, avx, avx2, aes, erms, clmul, bmi1, bmi2, adx, avx512f, avx512dq, avx512cd, avx512bw, avx512vl, sha, fma, vzeroupper, avx512_vpopcntdq, avx512_vpclmulqdq, avx512_vaes, avx512_vnni, clflush, clflushopt, clwb, avx512_vbmi2, avx512_vbmi, hv, rdtscp, rdpid, fsrm, gfni, avx512_bitalg, f16c, cet_ibt, cet_ss, avx512_ifma
Processor Information for all 8 processors :
  Max Mhz: 2419, Current Mhz: 2419, Mhz Limit: 2419

Memory: 4k page, system-wide physical 16064M (1441M free)
TotalPageFile size 23757M (AvailPageFile size 68M)
current process WorkingSet (physical memory assigned to process): 12M, peak: 12M
current process commit charge ("private bytes"): 60M, peak: 312M

vm_info: OpenJDK 64-Bit Server VM (21.0.4+13-b509.26) for windows-amd64 JRE (21.0.4+13-b509.26), built on 2024-09-27 by "builduser" with MS VC++ 16.10 / 16.11 (VS2019)

END.
